1
0
1
ASSEMBLY
5
CIRCULAR_BEAM-1
CIRCULAR_BEAM
CIRCULAR_BEAM-2
CIRCULAR_BEAM
CIRCULAR_BEAM-3
CIRCULAR_BEAM
CIRCULAR_BEAM-4
CIRCULAR_BEAM
SQUARE_PANEL-1
SQUARE_PANEL
5
CIRCULAR_BEAM-1
11
1 1
2 2
3 3
4 4
5 5
6 6
7 7
8 8
9 9
10 10
11 11
1 1
2 2
3 3
4 4
5 5
6 6
7 7
8 8
9 9
10 10
11 11
CIRCULAR_BEAM-2
11
12 1
13 2
14 3
15 4
16 5
17 6
18 7
19 8
20 9
21 10
22 11
1 12
2 13
3 14
4 15
5 16
6 17
7 18
8 19
9 20
10 21
11 22
CIRCULAR_BEAM-3
11
23 1
24 2
25 3
26 4
27 5
28 6
29 7
30 8
31 9
32 10
33 11
1 23
2 24
3 25
4 26
5 27
6 28
7 29
8 30
9 31
10 32
11 33
CIRCULAR_BEAM-4
11
34 1
35 2
36 3
37 4
38 5
39 6
40 7
41 8
42 9
43 10
44 11
1 34
2 35
3 36
4 37
5 38
6 39
7 40
8 41
9 42
10 43
11 44
SQUARE_PANEL-1
121
45 1
46 2
47 3
48 4
49 5
50 6
51 7
52 8
53 9
54 10
55 11
56 12
57 13
58 14
59 15
60 16
61 17
62 18
63 19
64 20
65 21
66 22
67 23
68 24
69 25
70 26
71 27
72 28
73 29
74 30
75 31
76 32
77 33
78 34
79 35
80 36
81 37
82 38
83 39
84 40
85 41
86 42
87 43
88 44
89 45
90 46
91 47
92 48
93 49
94 50
95 51
96 52
97 53
98 54
99 55
100 56
101 57
102 58
103 59
104 60
105 61
106 62
107 63
108 64
109 65
110 66
111 67
112 68
113 69
114 70
115 71
116 72
117 73
118 74
119 75
120 76
121 77
122 78
123 79
124 80
125 81
126 82
127 83
128 84
129 85
130 86
131 87
132 88
133 89
134 90
135 91
136 92
137 93
138 94
139 95
140 96
141 97
142 98
143 99
144 100
145 101
146 102
147 103
148 104
149 105
150 106
151 107
152 108
153 109
154 110
155 111
156 112
157 113
158 114
159 115
160 116
161 117
162 118
163 119
164 120
165 121
1 45
2 46
3 47
4 48
5 49
6 50
7 51
8 52
9 53
10 54
11 55
12 56
13 57
14 58
15 59
16 60
17 61
18 62
19 63
20 64
21 65
22 66
23 67
24 68
25 69
26 70
27 71
28 72
29 73
30 74
31 75
32 76
33 77
34 78
35 79
36 80
37 81
38 82
39 83
40 84
41 85
42 86
43 87
44 88
45 89
46 90
47 91
48 92
49 93
50 94
51 95
52 96
53 97
54 98
55 99
56 100
57 101
58 102
59 103
60 104
61 105
62 106
63 107
64 108
65 109
66 110
67 111
68 112
69 113
70 114
71 115
72 116
73 117
74 118
75 119
76 120
77 121
78 122
79 123
80 124
81 125
82 126
83 127
84 128
85 129
86 130
87 131
88 132
89 133
90 134
91 135
92 136
93 137
94 138
95 139
96 140
97 141
98 142
99 143
100 144
101 145
102 146
103 147
104 148
105 149
106 150
107 151
108 152
109 153
110 154
111 155
112 156
113 157
114 158
115 159
116 160
117 161
118 162
119 163
120 164
121 165
0
5
CIRCULAR_BEAM-1
10
1 1
2 2
3 3
4 4
5 5
6 6
7 7
8 8
9 9
10 10
1 1
2 2
3 3
4 4
5 5
6 6
7 7
8 8
9 9
10 10
CIRCULAR_BEAM-2
10
11 1
12 2
13 3
14 4
15 5
16 6
17 7
18 8
19 9
20 10
1 11
2 12
3 13
4 14
5 15
6 16
7 17
8 18
9 19
10 20
CIRCULAR_BEAM-3
10
21 1
22 2
23 3
24 4
25 5
26 6
27 7
28 8
29 9
30 10
1 21
2 22
3 23
4 24
5 25
6 26
7 27
8 28
9 29
10 30
CIRCULAR_BEAM-4
10
31 1
32 2
33 3
34 4
35 5
36 6
37 7
38 8
39 9
40 10
1 31
2 32
3 33
4 34
5 35
6 36
7 37
8 38
9 39
10 40
SQUARE_PANEL-1
100
41 1
42 2
43 3
44 4
45 5
46 6
47 7
48 8
49 9
50 10
51 11
52 12
53 13
54 14
55 15
56 16
57 17
58 18
59 19
60 20
61 21
62 22
63 23
64 24
65 25
66 26
67 27
68 28
69 29
70 30
71 31
72 32
73 33
74 34
75 35
76 36
77 37
78 38
79 39
80 40
81 41
82 42
83 43
84 44
85 45
86 46
87 47
88 48
89 49
90 50
91 51
92 52
93 53
94 54
95 55
96 56
97 57
98 58
99 59
100 60
101 61
102 62
103 63
104 64
105 65
106 66
107 67
108 68
109 69
110 70
111 71
112 72
113 73
114 74
115 75
116 76
117 77
118 78
119 79
120 80
121 81
122 82
123 83
124 84
125 85
126 86
127 87
128 88
129 89
130 90
131 91
132 92
133 93
134 94
135 95
136 96
137 97
138 98
139 99
140 100
1 41
2 42
3 43
4 44
5 45
6 46
7 47
8 48
9 49
10 50
11 51
12 52
13 53
14 54
15 55
16 56
17 57
18 58
19 59
20 60
21 61
22 62
23 63
24 64
25 65
26 66
27 67
28 68
29 69
30 70
31 71
32 72
33 73
34 74
35 75
36 76
37 77
38 78
39 79
40 80
41 81
42 82
43 83
44 84
45 85
46 86
47 87
48 88
49 89
50 90
51 91
52 92
53 93
54 94
55 95
56 96
57 97
58 98
59 99
60 100
61 101
62 102
63 103
64 104
65 105
66 106
67 107
68 108
69 109
70 110
71 111
72 112
73 113
74 114
75 115
76 116
77 117
78 118
79 119
80 120
81 121
82 122
83 123
84 124
85 125
86 126
87 127
88 128
89 129
90 130
91 131
92 132
93 133
94 134
95 135
96 136
97 137
98 138
99 139
100 140
0
6

0
2
0
5
CIRCULAR_BEAM-1
10
1 2 3 4 5 6 7 8 9 10 
CIRCULAR_BEAM-2
10
11 12 13 14 15 16 17 18 19 20 
CIRCULAR_BEAM-4
10
31 32 33 34 35 36 37 38 39 40 
CIRCULAR_BEAM-3
10
21 22 23 24 25 26 27 28 29 30 
SQUARE_PANEL-1
100
41 42 43 44 45 46 47 48 49 50 51 52 53 54 55 56 57 58 59 60 61 62 63 64 65 66 67 68 69 70 71 72 73 74 75 76 77 78 79 80 81 82 83 84 85 86 87 88 89 90 91 92 93 94 95 96 97 98 99 100 101 102 103 104 105 106 107 108 109 110 111 112 113 114 115 116 117 118 119 120 121 122 123 124 125 126 127 128 129 130 131 132 133 134 135 136 137 138 139 140 
0
BEAMS
0
1
0
4
CIRCULAR_BEAM-1
10
1 2 3 4 5 6 7 8 9 10 
CIRCULAR_BEAM-2
10
11 12 13 14 15 16 17 18 19 20 
CIRCULAR_BEAM-4
10
31 32 33 34 35 36 37 38 39 40 
CIRCULAR_BEAM-3
10
21 22 23 24 25 26 27 28 29 30 
0
M_SET-3
0
1
0
1
SQUARE_PANEL-1
100
41 42 43 44 45 46 47 48 49 50 51 52 53 54 55 56 57 58 59 60 61 62 63 64 65 66 67 68 69 70 71 72 73 74 75 76 77 78 79 80 81 82 83 84 85 86 87 88 89 90 91 92 93 94 95 96 97 98 99 100 101 102 103 104 105 106 107 108 109 110 111 112 113 114 115 116 117 118 119 120 121 122 123 124 125 126 127 128 129 130 131 132 133 134 135 136 137 138 139 140 
0
PANEL_EDGES_GEO
0
1
0
1
SQUARE_PANEL-1
36
41 42 43 44 45 46 47 48 49 50 51 60 61 70 71 80 81 90 91 100 101 110 111 120 121 130 131 132 133 134 135 136 137 138 139 140 
0
S_SET-3
0
1
0
4
CIRCULAR_BEAM-1
10
1 2 3 4 5 6 7 8 9 10 
CIRCULAR_BEAM-2
10
11 12 13 14 15 16 17 18 19 20 
CIRCULAR_BEAM-4
10
31 32 33 34 35 36 37 38 39 40 
CIRCULAR_BEAM-3
10
21 22 23 24 25 26 27 28 29 30 
0
_SURF-1_SNEG
0
2
0
1
SQUARE_PANEL-1
100
41 42 43 44 45 46 47 48 49 50 51 52 53 54 55 56 57 58 59 60 61 62 63 64 65 66 67 68 69 70 71 72 73 74 75 76 77 78 79 80 81 82 83 84 85 86 87 88 89 90 91 92 93 94 95 96 97 98 99 100 101 102 103 104 105 106 107 108 109 110 111 112 113 114 115 116 117 118 119 120 121 122 123 124 125 126 127 128 129 130 131 132 133 134 135 136 137 138 139 140 
0
5
CIRCULAR_BEAM-1
4
 P       1
0
2
10
1 2 3 4 5 6 7 8 9 10 
0
0
 P       1BEAMS
0
2
10
1 2 3 4 5 6 7 8 9 10 
0
0
 P       1S_SET-3
0
2
10
1 2 3 4 5 6 7 8 9 10 
0
0
BEAM
0
1
10
1 2 3 4 5 6 7 8 9 10 
0
0
0
CIRCULAR_BEAM-2
4
 P       2
0
2
10
11 12 13 14 15 16 17 18 19 20 
0
0
 P       2BEAMS
0
2
10
11 12 13 14 15 16 17 18 19 20 
0
0
 P       2S_SET-3
0
2
10
11 12 13 14 15 16 17 18 19 20 
0
0
BEAM
0
1
10
11 12 13 14 15 16 17 18 19 20 
0
0
0
CIRCULAR_BEAM-4
4
 P       4
0
2
10
31 32 33 34 35 36 37 38 39 40 
0
0
 P       4BEAMS
0
2
10
31 32 33 34 35 36 37 38 39 40 
0
0
 P       4S_SET-3
0
2
10
31 32 33 34 35 36 37 38 39 40 
0
0
BEAM
0
1
10
31 32 33 34 35 36 37 38 39 40 
0
0
0
CIRCULAR_BEAM-3
4
 P       3
0
2
10
21 22 23 24 25 26 27 28 29 30 
0
0
 P       3BEAMS
0
2
10
21 22 23 24 25 26 27 28 29 30 
0
0
 P       3S_SET-3
0
2
10
21 22 23 24 25 26 27 28 29 30 
0
0
BEAM
0
1
10
21 22 23 24 25 26 27 28 29 30 
0
0
0
SQUARE_PANEL-1
2
 P       5
0
2
100
41 42 43 44 45 46 47 48 49 50 51 52 53 54 55 56 57 58 59 60 61 62 63 64 65 66 67 68 69 70 71 72 73 74 75 76 77 78 79 80 81 82 83 84 85 86 87 88 89 90 91 92 93 94 95 96 97 98 99 100 101 102 103 104 105 106 107 108 109 110 111 112 113 114 115 116 117 118 119 120 121 122 123 124 125 126 127 128 129 130 131 132 133 134 135 136 137 138 139 140 
0
0
SQUARE_PANEL
0
1
100
41 42 43 44 45 46 47 48 49 50 51 52 53 54 55 56 57 58 59 60 61 62 63 64 65 66 67 68 69 70 71 72 73 74 75 76 77 78 79 80 81 82 83 84 85 86 87 88 89 90 91 92 93 94 95 96 97 98 99 100 101 102 103 104 105 106 107 108 109 110 111 112 113 114 115 116 117 118 119 120 121 122 123 124 125 126 127 128 129 130 131 132 133 134 135 136 137 138 139 140 
0
0
0
9

0
2
0
5
CIRCULAR_BEAM-1
11
1 2 3 4 5 6 7 8 9 10 11 
CIRCULAR_BEAM-2
11
12 13 14 15 16 17 18 19 20 21 22 
CIRCULAR_BEAM-4
11
34 35 36 37 38 39 40 41 42 43 44 
CIRCULAR_BEAM-3
11
23 24 25 26 27 28 29 30 31 32 33 
SQUARE_PANEL-1
121
45 46 47 48 49 50 51 52 53 54 55 56 57 58 59 60 61 62 63 64 65 66 67 68 69 70 71 72 73 74 75 76 77 78 79 80 81 82 83 84 85 86 87 88 89 90 91 92 93 94 95 96 97 98 99 100 101 102 103 104 105 106 107 108 109 110 111 112 113 114 115 116 117 118 119 120 121 122 123 124 125 126 127 128 129 130 131 132 133 134 135 136 137 138 139 140 141 142 143 144 145 146 147 148 149 150 151 152 153 154 155 156 157 158 159 160 161 162 163 164 165 
0
BEAMS
0
1
0
4
CIRCULAR_BEAM-1
11
1 2 3 4 5 6 7 8 9 10 11 
CIRCULAR_BEAM-2
11
12 13 14 15 16 17 18 19 20 21 22 
CIRCULAR_BEAM-4
11
34 35 36 37 38 39 40 41 42 43 44 
CIRCULAR_BEAM-3
11
23 24 25 26 27 28 29 30 31 32 33 
0
BEAM_EDGES
0
1
0
4
CIRCULAR_BEAM-1
11
1 2 3 4 5 6 7 8 9 10 11 
CIRCULAR_BEAM-2
11
12 13 14 15 16 17 18 19 20 21 22 
CIRCULAR_BEAM-4
11
34 35 36 37 38 39 40 41 42 43 44 
CIRCULAR_BEAM-3
11
23 24 25 26 27 28 29 30 31 32 33 
0
M_SET-3
0
1
0
1
SQUARE_PANEL-1
121
45 46 47 48 49 50 51 52 53 54 55 56 57 58 59 60 61 62 63 64 65 66 67 68 69 70 71 72 73 74 75 76 77 78 79 80 81 82 83 84 85 86 87 88 89 90 91 92 93 94 95 96 97 98 99 100 101 102 103 104 105 106 107 108 109 110 111 112 113 114 115 116 117 118 119 120 121 122 123 124 125 126 127 128 129 130 131 132 133 134 135 136 137 138 139 140 141 142 143 144 145 146 147 148 149 150 151 152 153 154 155 156 157 158 159 160 161 162 163 164 165 
0
PANEL_EDGES_GEO
0
1
0
1
SQUARE_PANEL-1
40
45 46 47 48 49 50 51 52 53 54 55 56 66 67 77 78 88 89 99 100 110 111 121 122 132 133 143 144 154 155 156 157 158 159 160 161 162 163 164 165 
0
PANEL_EDGES_NODES
0
1
0
1
SQUARE_PANEL-1
40
45 46 47 48 49 50 51 52 53 54 55 56 66 67 77 78 88 89 99 100 110 111 121 122 132 133 143 144 154 155 156 157 158 159 160 161 162 163 164 165 
0
PINNED_POINT
0
1
0
1
CIRCULAR_BEAM-2
1
12 
0
SLIDER_POINTS
0
1
0
2
CIRCULAR_BEAM-3
1
33 
CIRCULAR_BEAM-4
2
34 44 
0
S_SET-3
0
1
0
4
CIRCULAR_BEAM-1
11
1 2 3 4 5 6 7 8 9 10 11 
CIRCULAR_BEAM-2
11
12 13 14 15 16 17 18 19 20 21 22 
CIRCULAR_BEAM-4
11
34 35 36 37 38 39 40 41 42 43 44 
CIRCULAR_BEAM-3
11
23 24 25 26 27 28 29 30 31 32 33 
0
5
CIRCULAR_BEAM-1
5
 P       1
0
2
11
1 2 3 4 5 6 7 8 9 10 11 
0
0
 P       1BEAMS
0
2
11
1 2 3 4 5 6 7 8 9 10 11 
0
0
 P       1BEAM_EDGES
0
2
11
1 2 3 4 5 6 7 8 9 10 11 
0
0
 P       1S_SET-3
0
2
11
1 2 3 4 5 6 7 8 9 10 11 
0
0
BEAM
0
1
11
1 2 3 4 5 6 7 8 9 10 11 
0
0
0
CIRCULAR_BEAM-2
5
 P       2
0
2
11
12 13 14 15 16 17 18 19 20 21 22 
0
0
 P       2BEAMS
0
2
11
12 13 14 15 16 17 18 19 20 21 22 
0
0
 P       2BEAM_EDGES
0
2
11
12 13 14 15 16 17 18 19 20 21 22 
0
0
 P       2S_SET-3
0
2
11
12 13 14 15 16 17 18 19 20 21 22 
0
0
BEAM
0
1
11
12 13 14 15 16 17 18 19 20 21 22 
0
0
0
CIRCULAR_BEAM-4
6
 P       4
0
2
11
34 35 36 37 38 39 40 41 42 43 44 
0
0
 P       4BEAMS
0
2
11
34 35 36 37 38 39 40 41 42 43 44 
0
0
 P       4BEAM_EDGES
0
2
11
34 35 36 37 38 39 40 41 42 43 44 
0
0
 P       4SLIDER_POINTS
0
2
2
34 44 
0
0
 P       4S_SET-3
0
2
11
34 35 36 37 38 39 40 41 42 43 44 
0
0
BEAM
0
1
11
34 35 36 37 38 39 40 41 42 43 44 
0
0
0
CIRCULAR_BEAM-3
6
 P       3
0
2
11
23 24 25 26 27 28 29 30 31 32 33 
0
0
 P       3BEAMS
0
2
11
23 24 25 26 27 28 29 30 31 32 33 
0
0
 P       3BEAM_EDGES
0
2
11
23 24 25 26 27 28 29 30 31 32 33 
0
0
 P       3SLIDER_POINTS
0
2
1
33 
0
0
 P       3S_SET-3
0
2
11
23 24 25 26 27 28 29 30 31 32 33 
0
0
BEAM
0
1
11
23 24 25 26 27 28 29 30 31 32 33 
0
0
0
SQUARE_PANEL-1
2
 P       5
0
2
121
45 46 47 48 49 50 51 52 53 54 55 56 57 58 59 60 61 62 63 64 65 66 67 68 69 70 71 72 73 74 75 76 77 78 79 80 81 82 83 84 85 86 87 88 89 90 91 92 93 94 95 96 97 98 99 100 101 102 103 104 105 106 107 108 109 110 111 112 113 114 115 116 117 118 119 120 121 122 123 124 125 126 127 128 129 130 131 132 133 134 135 136 137 138 139 140 141 142 143 144 145 146 147 148 149 150 151 152 153 154 155 156 157 158 159 160 161 162 163 164 165 
0
0
SQUARE_PANEL
0
1
121
45 46 47 48 49 50 51 52 53 54 55 56 57 58 59 60 61 62 63 64 65 66 67 68 69 70 71 72 73 74 75 76 77 78 79 80 81 82 83 84 85 86 87 88 89 90 91 92 93 94 95 96 97 98 99 100 101 102 103 104 105 106 107 108 109 110 111 112 113 114 115 116 117 118 119 120 121 122 123 124 125 126 127 128 129 130 131 132 133 134 135 136 137 138 139 140 141 142 143 144 145 146 147 148 149 150 151 152 153 154 155 156 157 158 159 160 161 162 163 164 165 
0
0
0
0
3
BEAM_EDGES_CNS_
1
0
0
4
CIRCULAR_BEAM-1
1
0
11
1
1
2
1
3
1
4
1
5
1
6
1
7
1
8
1
9
1
10
1
11
1
CIRCULAR_BEAM-2
1
0
11
12
1
13
1
14
1
15
1
16
1
17
1
18
1
19
1
20
1
21
1
22
1
CIRCULAR_BEAM-3
1
0
11
23
1
24
1
25
1
26
1
27
1
28
1
29
1
30
1
31
1
32
1
33
1
CIRCULAR_BEAM-4
1
0
11
34
1
35
1
36
1
37
1
38
1
39
1
40
1
41
1
42
1
43
1
44
1
PANEL_EDGES_GEO_CNS_
1
0
0
1
SQUARE_PANEL-1
1
0
40
45
1
46
1
47
1
48
1
49
1
50
1
51
1
52
1
53
1
54
1
55
1
56
1
66
1
67
1
77
1
78
1
88
1
89
1
99
1
100
1
110
1
111
1
121
1
122
1
132
1
133
1
143
1
144
1
154
1
155
1
156
1
157
1
158
1
159
1
160
1
161
1
162
1
163
1
164
1
165
1
SURF-1
0
0
0
1
SQUARE_PANEL-1
0
0
1
SNEG
100
41 42 43 44 45 46 47 48 49 50 51 52 53 54 55 56 57 58 59 60 61 62 63 64 65 66 67 68 69 70 71 72 73 74 75 76 77 78 79 80 81 82 83 84 85 86 87 88 89 90 91 92 93 94 95 96 97 98 99 100 101 102 103 104 105 106 107 108 109 110 111 112 113 114 115 116 117 118 119 120 121 122 123 124 125 126 127 128 129 130 131 132 133 134 135 136 137 138 139 140 
