Analysis initiated from SIMULIA established products
Abaqus JOB Vacuum_Pressure
Abaqus Student Edition 2019
Begin Analysis Input File Processor
7/8/2020 3:17:41 PM
Run pre.exe
7/8/2020 3:17:42 PM
End Analysis Input File Processor
Begin Abaqus/Standard Analysis
7/8/2020 3:17:42 PM
Run standard.exe
7/8/2020 3:17:44 PM
Abaqus Error: Abaqus/Standard Analysis exited with an error - Please see the 
message file for possible error messages if the file exists.
Begin SIM Wrap-up
7/8/2020 3:17:44 PM
Run SMASimUtility.exe
7/8/2020 3:17:44 PM
End SIM Wrap-up
Abaqus/Analysis exited with errors
