1
0
1
ASSEMBLY
2
KEVLAR_MEMBRANE-1
KEVLAR_MEMBRANE
PART-2-1
PART-2
2
KEVLAR_MEMBRANE-1
65
1 1
2 2
3 3
4 4
5 5
6 6
7 7
8 8
9 9
10 10
11 11
12 12
13 13
14 14
15 15
16 16
17 17
18 18
19 19
20 20
21 21
22 22
23 23
24 24
25 25
26 26
27 27
28 28
29 29
30 30
31 31
32 32
33 33
34 34
35 35
36 36
37 37
38 38
39 39
40 40
41 41
42 42
43 43
44 44
45 45
46 46
47 47
48 48
49 49
50 50
51 51
52 52
53 53
54 54
55 55
56 56
57 57
58 58
59 59
60 60
61 61
62 62
63 63
64 64
65 65
1 1
2 2
3 3
4 4
5 5
6 6
7 7
8 8
9 9
10 10
11 11
12 12
13 13
14 14
15 15
16 16
17 17
18 18
19 19
20 20
21 21
22 22
23 23
24 24
25 25
26 26
27 27
28 28
29 29
30 30
31 31
32 32
33 33
34 34
35 35
36 36
37 37
38 38
39 39
40 40
41 41
42 42
43 43
44 44
45 45
46 46
47 47
48 48
49 49
50 50
51 51
52 52
53 53
54 54
55 55
56 56
57 57
58 58
59 59
60 60
61 61
62 62
63 63
64 64
65 65
PART-2-1
91
66 1
67 2
68 3
69 4
70 5
71 6
72 7
73 8
74 9
75 10
76 11
77 12
78 13
79 14
80 15
81 16
82 17
83 18
84 19
85 20
86 21
87 22
88 23
89 24
90 25
91 26
92 27
93 28
94 29
95 30
96 31
97 32
98 33
99 34
100 35
101 36
102 37
103 38
104 39
105 40
106 41
107 42
108 43
109 44
110 45
111 46
112 47
113 48
114 49
115 50
116 51
117 52
118 53
119 54
120 55
121 56
122 57
123 58
124 59
125 60
126 61
127 62
128 63
129 64
130 65
131 66
132 67
133 68
134 69
135 70
136 71
137 72
138 73
139 74
140 75
141 76
142 77
143 78
144 79
145 80
146 81
147 82
148 83
149 84
150 85
151 86
152 87
153 88
154 89
155 90
156 91
1 66
2 67
3 68
4 69
5 70
6 71
7 72
8 73
9 74
10 75
11 76
12 77
13 78
14 79
15 80
16 81
17 82
18 83
19 84
20 85
21 86
22 87
23 88
24 89
25 90
26 91
27 92
28 93
29 94
30 95
31 96
32 97
33 98
34 99
35 100
36 101
37 102
38 103
39 104
40 105
41 106
42 107
43 108
44 109
45 110
46 111
47 112
48 113
49 114
50 115
51 116
52 117
53 118
54 119
55 120
56 121
57 122
58 123
59 124
60 125
61 126
62 127
63 128
64 129
65 130
66 131
67 132
68 133
69 134
70 135
71 136
72 137
73 138
74 139
75 140
76 141
77 142
78 143
79 144
80 145
81 146
82 147
83 148
84 149
85 150
86 151
87 152
88 153
89 154
90 155
91 156
0
2
KEVLAR_MEMBRANE-1
56
1 1
2 2
3 3
4 4
5 5
6 6
7 7
8 8
9 9
10 10
11 11
12 12
13 13
14 14
15 15
16 16
17 17
18 18
19 19
20 20
21 21
22 22
23 23
24 24
25 25
26 26
27 27
28 28
29 29
30 30
31 31
32 32
33 33
34 34
35 35
36 36
37 37
38 38
39 39
40 40
41 41
42 42
43 43
44 44
45 45
46 46
47 47
48 48
49 49
50 50
51 51
52 52
53 53
54 54
55 55
56 56
1 1
2 2
3 3
4 4
5 5
6 6
7 7
8 8
9 9
10 10
11 11
12 12
13 13
14 14
15 15
16 16
17 17
18 18
19 19
20 20
21 21
22 22
23 23
24 24
25 25
26 26
27 27
28 28
29 29
30 30
31 31
32 32
33 33
34 34
35 35
36 36
37 37
38 38
39 39
40 40
41 41
42 42
43 43
44 44
45 45
46 46
47 47
48 48
49 49
50 50
51 51
52 52
53 53
54 54
55 55
56 56
PART-2-1
130
57 1
58 2
59 3
60 4
61 5
62 6
63 7
64 8
65 9
66 10
67 11
68 12
69 13
70 14
71 15
72 16
73 17
74 18
75 19
76 20
77 21
78 22
79 23
80 24
81 25
82 26
83 27
84 28
85 29
86 30
87 31
88 32
89 33
90 34
91 35
92 36
93 37
94 38
95 39
96 40
97 41
98 42
99 43
100 44
101 45
102 46
103 47
104 48
105 49
106 50
107 51
108 52
109 53
110 54
111 55
112 56
113 57
114 58
115 59
116 60
117 61
118 62
119 63
120 64
121 65
122 66
123 67
124 68
125 69
126 70
127 71
128 72
129 73
130 74
131 75
132 76
133 77
134 78
135 79
136 80
137 81
138 82
139 83
140 84
141 85
142 86
143 87
144 88
145 89
146 90
147 91
148 92
149 93
150 94
151 95
152 96
153 97
154 98
155 99
156 100
157 101
158 102
159 103
160 104
161 105
162 106
163 107
164 108
165 109
166 110
167 111
168 112
169 113
170 114
171 115
172 116
173 117
174 118
175 119
176 120
177 121
178 122
179 123
180 124
181 125
182 126
183 127
184 128
185 129
186 130
1 57
2 58
3 59
4 60
5 61
6 62
7 63
8 64
9 65
10 66
11 67
12 68
13 69
14 70
15 71
16 72
17 73
18 74
19 75
20 76
21 77
22 78
23 79
24 80
25 81
26 82
27 83
28 84
29 85
30 86
31 87
32 88
33 89
34 90
35 91
36 92
37 93
38 94
39 95
40 96
41 97
42 98
43 99
44 100
45 101
46 102
47 103
48 104
49 105
50 106
51 107
52 108
53 109
54 110
55 111
56 112
57 113
58 114
59 115
60 116
61 117
62 118
63 119
64 120
65 121
66 122
67 123
68 124
69 125
70 126
71 127
72 128
73 129
74 130
75 131
76 132
77 133
78 134
79 135
80 136
81 137
82 138
83 139
84 140
85 141
86 142
87 143
88 144
89 145
90 146
91 147
92 148
93 149
94 150
95 151
96 152
97 153
98 154
99 155
100 156
101 157
102 158
103 159
104 160
105 161
106 162
107 163
108 164
109 165
110 166
111 167
112 168
113 169
114 170
115 171
116 172
117 173
118 174
119 175
120 176
121 177
122 178
123 179
124 180
125 181
126 182
127 183
128 184
129 185
130 186
0
10

0
2
0
2
KEVLAR_MEMBRANE-1
56
1 2 3 4 5 6 7 8 9 10 11 12 13 14 15 16 17 18 19 20 21 22 23 24 25 26 27 28 29 30 31 32 33 34 35 36 37 38 39 40 41 42 43 44 45 46 47 48 49 50 51 52 53 54 55 56 
PART-2-1
130
57 58 59 60 61 62 63 64 65 66 67 68 69 70 71 72 73 74 75 76 77 78 79 80 81 82 83 84 85 86 87 88 89 90 91 92 93 94 95 96 97 98 99 100 101 102 103 104 105 106 107 108 109 110 111 112 113 114 115 116 117 118 119 120 121 122 123 124 125 126 127 128 129 130 131 132 133 134 135 136 137 138 139 140 141 142 143 144 145 146 147 148 149 150 151 152 153 154 155 156 157 158 159 160 161 162 163 164 165 166 167 168 169 170 171 172 173 174 175 176 177 178 179 180 181 182 183 184 185 186 
0
GEODESIC_FRAME
0
1
0
1
PART-2-1
130
57 58 59 60 61 62 63 64 65 66 67 68 69 70 71 72 73 74 75 76 77 78 79 80 81 82 83 84 85 86 87 88 89 90 91 92 93 94 95 96 97 98 99 100 101 102 103 104 105 106 107 108 109 110 111 112 113 114 115 116 117 118 119 120 121 122 123 124 125 126 127 128 129 130 131 132 133 134 135 136 137 138 139 140 141 142 143 144 145 146 147 148 149 150 151 152 153 154 155 156 157 158 159 160 161 162 163 164 165 166 167 168 169 170 171 172 173 174 175 176 177 178 179 180 181 182 183 184 185 186 
0
SET-5
0
1
0
1
KEVLAR_MEMBRANE-1
18
3 4 9 11 12 20 21 22 24 26 27 29 36 38 44 49 53 55 
0
S_SET-6
0
1
0
1
PART-2-1
130
57 58 59 60 61 62 63 64 65 66 67 68 69 70 71 72 73 74 75 76 77 78 79 80 81 82 83 84 85 86 87 88 89 90 91 92 93 94 95 96 97 98 99 100 101 102 103 104 105 106 107 108 109 110 111 112 113 114 115 116 117 118 119 120 121 122 123 124 125 126 127 128 129 130 131 132 133 134 135 136 137 138 139 140 141 142 143 144 145 146 147 148 149 150 151 152 153 154 155 156 157 158 159 160 161 162 163 164 165 166 167 168 169 170 171 172 173 174 175 176 177 178 179 180 181 182 183 184 185 186 
0
S_SET-7
0
1
0
1
PART-2-1
130
57 58 59 60 61 62 63 64 65 66 67 68 69 70 71 72 73 74 75 76 77 78 79 80 81 82 83 84 85 86 87 88 89 90 91 92 93 94 95 96 97 98 99 100 101 102 103 104 105 106 107 108 109 110 111 112 113 114 115 116 117 118 119 120 121 122 123 124 125 126 127 128 129 130 131 132 133 134 135 136 137 138 139 140 141 142 143 144 145 146 147 148 149 150 151 152 153 154 155 156 157 158 159 160 161 162 163 164 165 166 167 168 169 170 171 172 173 174 175 176 177 178 179 180 181 182 183 184 185 186 
0
S_SET-8
0
1
0
1
PART-2-1
130
57 58 59 60 61 62 63 64 65 66 67 68 69 70 71 72 73 74 75 76 77 78 79 80 81 82 83 84 85 86 87 88 89 90 91 92 93 94 95 96 97 98 99 100 101 102 103 104 105 106 107 108 109 110 111 112 113 114 115 116 117 118 119 120 121 122 123 124 125 126 127 128 129 130 131 132 133 134 135 136 137 138 139 140 141 142 143 144 145 146 147 148 149 150 151 152 153 154 155 156 157 158 159 160 161 162 163 164 165 166 167 168 169 170 171 172 173 174 175 176 177 178 179 180 181 182 183 184 185 186 
0
_M_SURF-4_SPOS
0
2
0
1
KEVLAR_MEMBRANE-1
56
1 2 3 4 5 6 7 8 9 10 11 12 13 14 15 16 17 18 19 20 21 22 23 24 25 26 27 28 29 30 31 32 33 34 35 36 37 38 39 40 41 42 43 44 45 46 47 48 49 50 51 52 53 54 55 56 
0
_M_SURF-5_SPOS
0
2
0
1
KEVLAR_MEMBRANE-1
56
1 2 3 4 5 6 7 8 9 10 11 12 13 14 15 16 17 18 19 20 21 22 23 24 25 26 27 28 29 30 31 32 33 34 35 36 37 38 39 40 41 42 43 44 45 46 47 48 49 50 51 52 53 54 55 56 
0
_M_SURF-6_SPOS
0
2
0
1
KEVLAR_MEMBRANE-1
56
1 2 3 4 5 6 7 8 9 10 11 12 13 14 15 16 17 18 19 20 21 22 23 24 25 26 27 28 29 30 31 32 33 34 35 36 37 38 39 40 41 42 43 44 45 46 47 48 49 50 51 52 53 54 55 56 
0
_SURF-3_SPOS
0
2
0
1
KEVLAR_MEMBRANE-1
56
1 2 3 4 5 6 7 8 9 10 11 12 13 14 15 16 17 18 19 20 21 22 23 24 25 26 27 28 29 30 31 32 33 34 35 36 37 38 39 40 41 42 43 44 45 46 47 48 49 50 51 52 53 54 55 56 
0
2
PART-2-1
2
 P       2
0
2
130
57 58 59 60 61 62 63 64 65 66 67 68 69 70 71 72 73 74 75 76 77 78 79 80 81 82 83 84 85 86 87 88 89 90 91 92 93 94 95 96 97 98 99 100 101 102 103 104 105 106 107 108 109 110 111 112 113 114 115 116 117 118 119 120 121 122 123 124 125 126 127 128 129 130 131 132 133 134 135 136 137 138 139 140 141 142 143 144 145 146 147 148 149 150 151 152 153 154 155 156 157 158 159 160 161 162 163 164 165 166 167 168 169 170 171 172 173 174 175 176 177 178 179 180 181 182 183 184 185 186 
0
0
ALL_MEMBERS
0
1
130
57 58 59 60 61 62 63 64 65 66 67 68 69 70 71 72 73 74 75 76 77 78 79 80 81 82 83 84 85 86 87 88 89 90 91 92 93 94 95 96 97 98 99 100 101 102 103 104 105 106 107 108 109 110 111 112 113 114 115 116 117 118 119 120 121 122 123 124 125 126 127 128 129 130 131 132 133 134 135 136 137 138 139 140 141 142 143 144 145 146 147 148 149 150 151 152 153 154 155 156 157 158 159 160 161 162 163 164 165 166 167 168 169 170 171 172 173 174 175 176 177 178 179 180 181 182 183 184 185 186 
0
0
0
KEVLAR_MEMBRANE-1
2
 P       1
0
2
56
1 2 3 4 5 6 7 8 9 10 11 12 13 14 15 16 17 18 19 20 21 22 23 24 25 26 27 28 29 30 31 32 33 34 35 36 37 38 39 40 41 42 43 44 45 46 47 48 49 50 51 52 53 54 55 56 
0
0
SET-1
0
1
56
1 2 3 4 5 6 7 8 9 10 11 12 13 14 15 16 17 18 19 20 21 22 23 24 25 26 27 28 29 30 31 32 33 34 35 36 37 38 39 40 41 42 43 44 45 46 47 48 49 50 51 52 53 54 55 56 
0
0
0
8

0
2
0
2
KEVLAR_MEMBRANE-1
65
1 2 3 4 5 6 7 8 9 10 11 12 13 14 15 16 17 18 19 20 21 22 23 24 25 26 27 28 29 30 31 32 33 34 35 36 37 38 39 40 41 42 43 44 45 46 47 48 49 50 51 52 53 54 55 56 57 58 59 60 61 62 63 64 65 
PART-2-1
91
66 67 68 69 70 71 72 73 74 75 76 77 78 79 80 81 82 83 84 85 86 87 88 89 90 91 92 93 94 95 96 97 98 99 100 101 102 103 104 105 106 107 108 109 110 111 112 113 114 115 116 117 118 119 120 121 122 123 124 125 126 127 128 129 130 131 132 133 134 135 136 137 138 139 140 141 142 143 144 145 146 147 148 149 150 151 152 153 154 155 156 
0
GEODESIC_FRAME
0
1
0
1
PART-2-1
91
66 67 68 69 70 71 72 73 74 75 76 77 78 79 80 81 82 83 84 85 86 87 88 89 90 91 92 93 94 95 96 97 98 99 100 101 102 103 104 105 106 107 108 109 110 111 112 113 114 115 116 117 118 119 120 121 122 123 124 125 126 127 128 129 130 131 132 133 134 135 136 137 138 139 140 141 142 143 144 145 146 147 148 149 150 151 152 153 154 155 156 
0
MOUNTING_POINTS
0
1
0
1
PART-2-1
20
66 67 75 76 81 82 85 86 89 90 92 102 103 114 115 120 121 126 127 132 
0
SET-2
0
1
0
1
PART-2-1
1
88 
0
SET-5
0
1
0
1
KEVLAR_MEMBRANE-1
18
5 6 7 8 9 10 11 12 13 14 15 16 17 18 19 20 21 22 
0
S_SET-6
0
1
0
1
PART-2-1
91
66 67 68 69 70 71 72 73 74 75 76 77 78 79 80 81 82 83 84 85 86 87 88 89 90 91 92 93 94 95 96 97 98 99 100 101 102 103 104 105 106 107 108 109 110 111 112 113 114 115 116 117 118 119 120 121 122 123 124 125 126 127 128 129 130 131 132 133 134 135 136 137 138 139 140 141 142 143 144 145 146 147 148 149 150 151 152 153 154 155 156 
0
S_SET-7
0
1
0
1
PART-2-1
91
66 67 68 69 70 71 72 73 74 75 76 77 78 79 80 81 82 83 84 85 86 87 88 89 90 91 92 93 94 95 96 97 98 99 100 101 102 103 104 105 106 107 108 109 110 111 112 113 114 115 116 117 118 119 120 121 122 123 124 125 126 127 128 129 130 131 132 133 134 135 136 137 138 139 140 141 142 143 144 145 146 147 148 149 150 151 152 153 154 155 156 
0
S_SET-8
0
1
0
1
PART-2-1
91
66 67 68 69 70 71 72 73 74 75 76 77 78 79 80 81 82 83 84 85 86 87 88 89 90 91 92 93 94 95 96 97 98 99 100 101 102 103 104 105 106 107 108 109 110 111 112 113 114 115 116 117 118 119 120 121 122 123 124 125 126 127 128 129 130 131 132 133 134 135 136 137 138 139 140 141 142 143 144 145 146 147 148 149 150 151 152 153 154 155 156 
0
2
PART-2-1
2
 P       2
0
2
91
66 67 68 69 70 71 72 73 74 75 76 77 78 79 80 81 82 83 84 85 86 87 88 89 90 91 92 93 94 95 96 97 98 99 100 101 102 103 104 105 106 107 108 109 110 111 112 113 114 115 116 117 118 119 120 121 122 123 124 125 126 127 128 129 130 131 132 133 134 135 136 137 138 139 140 141 142 143 144 145 146 147 148 149 150 151 152 153 154 155 156 
0
0
ALL_MEMBERS
0
1
91
66 67 68 69 70 71 72 73 74 75 76 77 78 79 80 81 82 83 84 85 86 87 88 89 90 91 92 93 94 95 96 97 98 99 100 101 102 103 104 105 106 107 108 109 110 111 112 113 114 115 116 117 118 119 120 121 122 123 124 125 126 127 128 129 130 131 132 133 134 135 136 137 138 139 140 141 142 143 144 145 146 147 148 149 150 151 152 153 154 155 156 
0
0
0
KEVLAR_MEMBRANE-1
2
 P       1
0
2
65
1 2 3 4 5 6 7 8 9 10 11 12 13 14 15 16 17 18 19 20 21 22 23 24 25 26 27 28 29 30 31 32 33 34 35 36 37 38 39 40 41 42 43 44 45 46 47 48 49 50 51 52 53 54 55 56 57 58 59 60 61 62 63 64 65 
0
0
SET-1
0
1
65
1 2 3 4 5 6 7 8 9 10 11 12 13 14 15 16 17 18 19 20 21 22 23 24 25 26 27 28 29 30 31 32 33 34 35 36 37 38 39 40 41 42 43 44 45 46 47 48 49 50 51 52 53 54 55 56 57 58 59 60 61 62 63 64 65 
0
0
0
0
5
M_SURF-4
0
0
0
1
KEVLAR_MEMBRANE-1
0
0
1
SPOS
56
1 2 3 4 5 6 7 8 9 10 11 12 13 14 15 16 17 18 19 20 21 22 23 24 25 26 27 28 29 30 31 32 33 34 35 36 37 38 39 40 41 42 43 44 45 46 47 48 49 50 51 52 53 54 55 56 
M_SURF-5
0
0
0
1
KEVLAR_MEMBRANE-1
0
0
1
SPOS
56
1 2 3 4 5 6 7 8 9 10 11 12 13 14 15 16 17 18 19 20 21 22 23 24 25 26 27 28 29 30 31 32 33 34 35 36 37 38 39 40 41 42 43 44 45 46 47 48 49 50 51 52 53 54 55 56 
M_SURF-6
0
0
0
1
KEVLAR_MEMBRANE-1
0
0
1
SPOS
56
1 2 3 4 5 6 7 8 9 10 11 12 13 14 15 16 17 18 19 20 21 22 23 24 25 26 27 28 29 30 31 32 33 34 35 36 37 38 39 40 41 42 43 44 45 46 47 48 49 50 51 52 53 54 55 56 
SURF-3
0
0
0
1
KEVLAR_MEMBRANE-1
0
0
1
SPOS
56
1 2 3 4 5 6 7 8 9 10 11 12 13 14 15 16 17 18 19 20 21 22 23 24 25 26 27 28 29 30 31 32 33 34 35 36 37 38 39 40 41 42 43 44 45 46 47 48 49 50 51 52 53 54 55 56 
S_SET-8_CNS_
1
0
0
1
PART-2-1
1
0
91
66
1
67
1
68
1
69
1
70
1
71
1
72
1
73
1
74
1
75
1
76
1
77
1
78
1
79
1
80
1
81
1
82
1
83
1
84
1
85
1
86
1
87
1
88
1
89
1
90
1
91
1
92
1
93
1
94
1
95
1
96
1
97
1
98
1
99
1
100
1
101
1
102
1
103
1
104
1
105
1
106
1
107
1
108
1
109
1
110
1
111
1
112
1
113
1
114
1
115
1
116
1
117
1
118
1
119
1
120
1
121
1
122
1
123
1
124
1
125
1
126
1
127
1
128
1
129
1
130
1
131
1
132
1
133
1
134
1
135
1
136
1
137
1
138
1
139
1
140
1
141
1
142
1
143
1
144
1
145
1
146
1
147
1
148
1
149
1
150
1
151
1
152
1
153
1
154
1
155
1
156
1
