Analysis initiated from SIMULIA established products
Abaqus JOB Job-1
Abaqus Student Edition 2019
Begin Analysis Input File Processor
7/24/2020 4:00:18 PM
Run pre.exe
7/24/2020 4:00:19 PM
End Analysis Input File Processor
Begin Abaqus/Standard Analysis
7/24/2020 4:00:19 PM
Run standard.exe
7/24/2020 4:00:20 PM
Abaqus Error: Abaqus/Standard Analysis exited with an error - Please see the 
message file for possible error messages if the file exists.
Begin SIM Wrap-up
7/24/2020 4:00:20 PM
Run SMASimUtility.exe
7/24/2020 4:00:20 PM
End SIM Wrap-up
Abaqus/Analysis exited with errors
